{"total": {"lines":{"total":75,"covered":69,"skipped":0,"pct":92},"statements":{"total":75,"covered":69,"skipped":0,"pct":92},"functions":{"total":4,"covered":4,"skipped":0,"pct":100},"branches":{"total":23,"covered":17,"skipped":0,"pct":73.91},"branchesTrue":{"total":0,"covered":0,"skipped":0,"pct":"Unknown"}}
,"/home/edmondmillionnaire/mistersecret/demo-project/typescript/a_basics.ts": {"lines":{"total":75,"covered":69,"skipped":0,"pct":92},"functions":{"total":4,"covered":4,"skipped":0,"pct":100},"statements":{"total":75,"covered":69,"skipped":0,"pct":92},"branches":{"total":23,"covered":17,"skipped":0,"pct":73.91}}
}
