TN:
SF:../a_basics.ts
FN:4,calculateCommissionTs
FN:40,getClientAgeGenerationTs
FN:54,getClientScoreTs
FN:71,isEmailValidTs
FNF:4
FNH:4
FNDA:6,calculateCommissionTs
FNDA:6,getClientAgeGenerationTs
FNDA:6,getClientScoreTs
FNDA:6,isEmailValidTs
DA:1,1
DA:2,1
DA:3,1
DA:4,6
DA:5,6
DA:6,6
DA:7,6
DA:8,6
DA:9,6
DA:10,6
DA:11,6
DA:12,6
DA:13,1
DA:14,1
DA:15,6
DA:16,5
DA:17,3
DA:18,3
DA:19,3
DA:20,3
DA:21,2
DA:22,2
DA:23,1
DA:24,1
DA:25,1
DA:26,1
DA:27,1
DA:28,1
DA:29,1
DA:30,2
DA:31,3
DA:32,3
DA:33,5
DA:34,6
DA:35,6
DA:36,6
DA:37,6
DA:38,1
DA:39,1
DA:40,6
DA:41,6
DA:42,2
DA:43,6
DA:44,0
DA:45,4
DA:46,4
DA:47,4
DA:48,0
DA:49,0
DA:50,6
DA:51,1
DA:52,1
DA:53,1
DA:54,6
DA:55,6
DA:56,5
DA:57,5
DA:58,5
DA:59,11
DA:60,0
DA:61,0
DA:62,0
DA:63,11
DA:64,5
DA:65,6
DA:66,1
DA:67,1
DA:68,6
DA:69,1
DA:70,1
DA:71,6
DA:72,6
DA:73,6
DA:74,6
DA:75,6
LF:75
LH:69
BRDA:4,0,0,6
BRDA:12,1,0,1
BRDA:15,2,0,5
BRDA:16,3,0,2
BRDA:17,4,0,3
BRDA:18,5,0,0
BRDA:20,6,0,1
BRDA:21,7,0,2
BRDA:22,8,0,1
BRDA:24,9,0,0
BRDA:40,10,0,6
BRDA:41,11,0,2
BRDA:43,12,0,4
BRDA:43,13,0,0
BRDA:47,14,0,0
BRDA:54,15,0,6
BRDA:55,16,0,5
BRDA:55,17,0,5
BRDA:58,18,0,11
BRDA:59,19,0,0
BRDA:59,20,0,0
BRDA:65,21,0,1
BRDA:71,22,0,6
BRF:23
BRH:17
end_of_record
